<?xml version="1.0" encoding="UTF-8"?>
<testsuite name="com.telran.testTask.SearchItemTest" tests="1" skipped="0" failures="0" errors="0" timestamp="2022-08-11T06:26:46" hostname="COMPUTER" time="19.906">
  <properties/>
  <testcase name="searchItemTest" classname="com.telran.testTask.SearchItemTest" time="19.906"/>
  <system-out><![CDATA[]]></system-out>
  <system-err><![CDATA[Starting ChromeDriver 104.0.5112.79 (3cf3e8c8a07d104b9e1260c910efb8f383285dc5-refs/branch-heads/5112@{#1307}) on port 2810
Only local connections are allowed.
Please see https://chromedriver.chromium.org/security-considerations for suggestions on keeping ChromeDriver safe.
ChromeDriver was started successfully.
авг. 11, 2022 8:26:43 AM org.openqa.selenium.remote.ProtocolHandshake createSession
INFO: Detected dialect: W3C
]]></system-err>
</testsuite>
